<?xml version="1.0" encoding="UTF-8"?>
<!-- Generated by org.testng.reporters.JUnitXMLReporter -->
<testsuite ignored="0" hostname="DESKTOP-16RSFON" failures="0" tests="3" name="Submit Order Test" time="40.532" errors="0" timestamp="2025-04-11T17:56:13 IST">
  <testcase classname="rohanacademy.tests.SubmitOrderTest" name="submitOrder" time="8.213"/>
  <testcase classname="rohanacademy.tests.SubmitOrderTest" name="submitOrder" time="6.81"/>
  <testcase classname="rohanacademy.tests.SubmitOrderTest" name="OrderHistoryTest" time="1.704"/>
</testsuite> <!-- Submit Order Test -->
