<?xml version="1.0" encoding="UTF-8"?>
<!-- Generated by org.testng.reporters.JUnitXMLReporter -->
<testsuite ignored="0" hostname="DESKTOP-16RSFON" failures="0" tests="3" name="Submit Order Test" time="42.782" errors="0" timestamp="2025-04-13T11:20:52 IST">
  <testcase classname="rohanacademy.tests.SubmitOrderTest" name="submitOrder" time="12.466"/>
  <testcase classname="rohanacademy.tests.SubmitOrderTest" name="submitOrder" time="7.687"/>
  <testcase classname="rohanacademy.tests.SubmitOrderTest" name="OrderHistoryTest" time="1.573"/>
</testsuite> <!-- Submit Order Test -->
